Using pre-set license
Built from '2020.3/staging' branch; Version is '2020.3.26f1 (7298b473bc1a) revision 7510196'; Using compiler version '192528614'; Build Type 'Release'
OS: 'Windows 10  (10.0.19043) 64bit Core' Language: 'ja' Physical Memory: 32705 MB
BatchMode: 1, IsHumanControllingUs: 0, StartBugReporterOnCrash: 0, Is64bit: 1, IsPro: 0

COMMAND LINE ARGUMENTS:
C:\Program Files\Unity\Hub\Editor\2020.3.26f1\Editor\Unity.exe
-adb2
-batchMode
-noUpm
-name
AssetImportWorker0
-projectPath
C:/Users/yamada/Unity/VRSpaceShootingTour
-logFile
Logs/AssetImportWorker0.log
-srvPort
57590
Successfully changed project path to: C:/Users/yamada/Unity/VRSpaceShootingTour
C:/Users/yamada/Unity/VRSpaceShootingTour
Using Asset Import Pipeline V2.
Refreshing native plugins compatible for Editor in 28.08 ms, found 2 plugins.
Preloading 0 native plugins for Editor in 0.00 ms.
Initialize engine version: 2020.3.26f1 (7298b473bc1a)
[Subsystems] Discovering subsystems at path C:/Program Files/Unity/Hub/Editor/2020.3.26f1/Editor/Data/Resources/UnitySubsystems
[Subsystems] Discovering subsystems at path C:/Users/yamada/Unity/VRSpaceShootingTour/Assets
GfxDevice: creating device client; threaded=0
Direct3D:
    Version:  Direct3D 11.0 [level 11.1]
    Renderer: NVIDIA GeForce RTX 2070 SUPER (ID=0x1e84)
    Vendor:   
    VRAM:     8012 MB
    Driver:   30.0.15.1179
Initialize mono
Mono path[0] = 'C:/Program Files/Unity/Hub/Editor/2020.3.26f1/Editor/Data/Managed'
Mono path[1] = 'C:/Program Files/Unity/Hub/Editor/2020.3.26f1/Editor/Data/MonoBleedingEdge/lib/mono/unityjit'
Mono config path = 'C:/Program Files/Unity/Hub/Editor/2020.3.26f1/Editor/Data/MonoBleedingEdge/etc'
Using monoOptions --debugger-agent=transport=dt_socket,embedding=1,server=y,suspend=n,address=127.0.0.1:56968
Begin MonoManager ReloadAssembly
Registering precompiled unity dll's ...
Register platform support module: C:/Program Files/Unity/Hub/Editor/2020.3.26f1/Editor/Data/PlaybackEngines/WebGLSupport/UnityEditor.WebGL.Extensions.dll
Register platform support module: C:/Program Files/Unity/Hub/Editor/2020.3.26f1/Editor/Data/PlaybackEngines/WindowsStandaloneSupport/UnityEditor.WindowsStandalone.Extensions.dll
Registered in 0.002203 seconds.
Native extension for WindowsStandalone target not found
Native extension for WebGL target not found
Refreshing native plugins compatible for Editor in 28.13 ms, found 2 plugins.
Preloading 0 native plugins for Editor in 0.00 ms.
Mono: successfully reloaded assembly
- Completed reload, in  0.468 seconds
Domain Reload Profiling:
	ReloadAssembly (468ms)
		BeginReloadAssembly (44ms)
			ExecutionOrderSort (0ms)
			DisableScriptedObjects (0ms)
			BackupInstance (0ms)
			ReleaseScriptingObjects (0ms)
			CreateAndSetChildDomain (1ms)
		EndReloadAssembly (361ms)
			LoadAssemblies (42ms)
			RebuildTransferFunctionScriptingTraits (0ms)
			SetupTypeCache (121ms)
			ReleaseScriptCaches (0ms)
			RebuildScriptCaches (25ms)
			SetupLoadedEditorAssemblies (132ms)
				LogAssemblyErrors (0ms)
				InitializePlatformSupportModulesInManaged (4ms)
				SetLoadedEditorAssemblies (0ms)
				RefreshPlugins (28ms)
				BeforeProcessingInitializeOnLoad (13ms)
				ProcessInitializeOnLoadAttributes (64ms)
				ProcessInitializeOnLoadMethodAttributes (21ms)
				AfterProcessingInitializeOnLoad (0ms)
				EditorAssembliesLoaded (0ms)
			ExecutionOrderSort2 (0ms)
			AwakeInstancesAfterBackupRestoration (0ms)
Platform modules already initialized, skipping
Registering precompiled user dll's ...
Registered in 0.004290 seconds.
Begin MonoManager ReloadAssembly
Native extension for WindowsStandalone target not found
Native extension for WebGL target not found
Refreshing native plugins compatible for Editor in 0.35 ms, found 2 plugins.
Preloading 0 native plugins for Editor in 0.00 ms.
Mono: successfully reloaded assembly
- Completed reload, in  0.844 seconds
Domain Reload Profiling:
	ReloadAssembly (845ms)
		BeginReloadAssembly (121ms)
			ExecutionOrderSort (0ms)
			DisableScriptedObjects (4ms)
			BackupInstance (0ms)
			ReleaseScriptingObjects (0ms)
			CreateAndSetChildDomain (17ms)
		EndReloadAssembly (669ms)
			LoadAssemblies (72ms)
			RebuildTransferFunctionScriptingTraits (0ms)
			SetupTypeCache (241ms)
			ReleaseScriptCaches (0ms)
			RebuildScriptCaches (36ms)
			SetupLoadedEditorAssemblies (245ms)
				LogAssemblyErrors (0ms)
				InitializePlatformSupportModulesInManaged (5ms)
				SetLoadedEditorAssemblies (0ms)
				RefreshPlugins (0ms)
				BeforeProcessingInitializeOnLoad (66ms)
				ProcessInitializeOnLoadAttributes (160ms)
				ProcessInitializeOnLoadMethodAttributes (7ms)
				AfterProcessingInitializeOnLoad (6ms)
				EditorAssembliesLoaded (0ms)
			ExecutionOrderSort2 (0ms)
			AwakeInstancesAfterBackupRestoration (5ms)
Platform modules already initialized, skipping
========================================================================
Worker process is ready to serve import requests
Launched and connected shader compiler UnityShaderCompiler.exe after 0.06 seconds
Refreshing native plugins compatible for Editor in 0.36 ms, found 2 plugins.
Preloading 0 native plugins for Editor in 0.00 ms.
Unloading 1520 Unused Serialized files (Serialized files now loaded: 0)
System memory in use before: 68.6 MB.
System memory in use after: 68.7 MB.

Unloading 19 unused Assets to reduce memory usage. Loaded Objects now: 1954.
Total: 2.843900 ms (FindLiveObjects: 0.153700 ms CreateObjectMapping: 0.031600 ms MarkObjects: 2.586200 ms  DeleteObjects: 0.071300 ms)

AssetImportParameters requested are different than current active one (requested -> active):
  custom:framework-win-MediaFoundation: 216162199b28c13a410421893ffa2e32 -> 
  custom:video-decoder-ogg-theora: a1e56fd34408186e4bbccfd4996cb3dc -> 
  custom:container-muxer-webm: aa71ff27fc2769a1b78a27578f13a17b -> 
  custom:container-demuxer-webm: 4f35f7cbe854078d1ac9338744f61a02 -> 
  custom:container-demuxer-ogg: 62fdf1f143b41e24485cea50d1cbac27 -> 
  custom:video-encoder-webm-vp8: eb34c28f22e8b96e1ab97ce403110664 -> 
  custom:video-codec-MediaFoundation-h265: 746d11721c4dcdbdad8f713fa42b33f4 -> 
  custom:video-decoder-webm-vp8: 9c59270c3fd7afecdb556c50c9e8de78 -> 
  custom:audio-decoder-ogg-vorbis: bf7c407c2cedff20999df2af8eb42d56 -> 
  custom:audio-encoder-webm-vorbis: bf7c407c2cedff20999df2af8eb42d56 -> 
========================================================================
Received Import Request.
  path: Assets/Model/Space_Alien_Ray_Gun_obj
  artifactKey: Guid(a2eda315fa4baee4e9f33e681cc723fe) Importer(815301076,1909f56bfc062723c751e8b465ee728b)
Start importing Assets/Model/Space_Alien_Ray_Gun_obj using Guid(a2eda315fa4baee4e9f33e681cc723fe) Importer(815301076,1909f56bfc062723c751e8b465ee728b)  -> (artifact id: 'd5cf8ff0f456d4a7deb1d2df4606c4b1') in 0.009175 seconds 
  Import took 0.011792 seconds .

========================================================================
Received Import Request.
  Time since last request: 0.000232 seconds.
  path: Assets/Model/Space_Alien_Ray_Gun_obj/__MACOSX
  artifactKey: Guid(7a8ecb4b8c23c94469185eb125948bae) Importer(815301076,1909f56bfc062723c751e8b465ee728b)
Start importing Assets/Model/Space_Alien_Ray_Gun_obj/__MACOSX using Guid(7a8ecb4b8c23c94469185eb125948bae) Importer(815301076,1909f56bfc062723c751e8b465ee728b)  -> (artifact id: 'd0219d528ed6b5e5bb108cf64945a15e') in 0.006646 seconds 
  Import took 0.009115 seconds .

========================================================================
Received Import Request.
  Time since last request: 0.000271 seconds.
  path: Assets/Model/Space_Alien_Ray_Gun_obj/Space Alien Ray Gun.Mtl
  artifactKey: Guid(e9bb964d8c968684abe83e16fe0f2016) Importer(815301076,1909f56bfc062723c751e8b465ee728b)
Start importing Assets/Model/Space_Alien_Ray_Gun_obj/Space Alien Ray Gun.Mtl using Guid(e9bb964d8c968684abe83e16fe0f2016) Importer(815301076,1909f56bfc062723c751e8b465ee728b)  -> (artifact id: 'a0577e52deadffd44570b3a6e3c081eb') in 0.027464 seconds 
  Import took 0.029353 seconds .

========================================================================
Received Import Request.
  Time since last request: 0.000361 seconds.
  path: Assets/Model/Space_Alien_Ray_Gun_obj/Space Alien Ray Gun.obj
  artifactKey: Guid(7389cdfdecd592744843a55cf9d28768) Importer(815301076,1909f56bfc062723c751e8b465ee728b)
Start importing Assets/Model/Space_Alien_Ray_Gun_obj/Space Alien Ray Gun.obj using Guid(7389cdfdecd592744843a55cf9d28768) Importer(815301076,1909f56bfc062723c751e8b465ee728b)  -> (artifact id: '48e581020378d58a78b4c967a7f2be98') in 0.029949 seconds 
  Import took 0.032412 seconds .

========================================================================
Received Import Request.
  Time since last request: 1312.915080 seconds.
  path: Assets/Model/Space_Alien_Ray_Gun_obj/alien gun.fbx
  artifactKey: Guid(7f6abe31c67275f4aa6fe21c13cd3b7c) Importer(815301076,1909f56bfc062723c751e8b465ee728b)
Start importing Assets/Model/Space_Alien_Ray_Gun_obj/alien gun.fbx using Guid(7f6abe31c67275f4aa6fe21c13cd3b7c) Importer(815301076,1909f56bfc062723c751e8b465ee728b)  -> (artifact id: '8893dcadb23741776de15d9c56eb6e43') in 0.103377 seconds 
  Import took 0.106092 seconds .

========================================================================
Received Import Request.
  Time since last request: 44.224358 seconds.
  path: Assets/Model/alien gun.fbx
  artifactKey: Guid(7f6abe31c67275f4aa6fe21c13cd3b7c) Importer(815301076,1909f56bfc062723c751e8b465ee728b)
Start importing Assets/Model/alien gun.fbx using Guid(7f6abe31c67275f4aa6fe21c13cd3b7c) Importer(815301076,1909f56bfc062723c751e8b465ee728b)  -> (artifact id: 'bcd29077d6089cd943c6b3a471462d8d') in 0.044582 seconds 
  Import took 0.047055 seconds .

========================================================================
Received Import Request.
  Time since last request: 20.917892 seconds.
  path: Assets/Material/Material.003.mat
  artifactKey: Guid(45e5c6d7776ed93499e8604d70a57fb7) Importer(815301076,1909f56bfc062723c751e8b465ee728b)
Start importing Assets/Material/Material.003.mat using Guid(45e5c6d7776ed93499e8604d70a57fb7) Importer(815301076,1909f56bfc062723c751e8b465ee728b)  -> (artifact id: '6c1e38d4576ac69f7aaa44d5098cba74') in 0.012440 seconds 
  Import took 0.014893 seconds .

========================================================================
Received Import Request.
  Time since last request: 15.585822 seconds.
  path: Assets/Texture/Material.003_Base_Color.png
  artifactKey: Guid(0dfbc9fe1c21d4949a0ceea6e8701c83) Importer(815301076,1909f56bfc062723c751e8b465ee728b)
Start importing Assets/Texture/Material.003_Base_Color.png using Guid(0dfbc9fe1c21d4949a0ceea6e8701c83) Importer(815301076,1909f56bfc062723c751e8b465ee728b)  -> (artifact id: '7ab416c90b41d93d7cf4af7faa25cae4') in 0.045605 seconds 
  Import took 0.047993 seconds .

========================================================================
Received Import Request.
  Time since last request: 0.000476 seconds.
  path: Assets/Texture/Material.003_Normal_OpenGL.png
  artifactKey: Guid(dcdb90e1cadb05848a052f26d31b4195) Importer(815301076,1909f56bfc062723c751e8b465ee728b)
Start importing Assets/Texture/Material.003_Normal_OpenGL.png using Guid(dcdb90e1cadb05848a052f26d31b4195) Importer(815301076,1909f56bfc062723c751e8b465ee728b)  -> (artifact id: '8166c862210c7b95ce20898c619d4124') in 0.011650 seconds 
  Import took 0.013667 seconds .

========================================================================
Received Import Request.
  Time since last request: 0.000241 seconds.
  path: Assets/Texture/Material.003_Roughness.png
  artifactKey: Guid(d3d18b2335fc11d498267cf368477351) Importer(815301076,1909f56bfc062723c751e8b465ee728b)
Start importing Assets/Texture/Material.003_Roughness.png using Guid(d3d18b2335fc11d498267cf368477351) Importer(815301076,1909f56bfc062723c751e8b465ee728b)  -> (artifact id: '6f5e68e0f333a22a10afd64905648609') in 0.013979 seconds 
  Import took 0.016061 seconds .

========================================================================
Received Import Request.
  Time since last request: 0.000297 seconds.
  path: Assets/Texture/Material.003_Metallic.png
  artifactKey: Guid(f5e78e9f2892cca45a2247abd0ad36a9) Importer(815301076,1909f56bfc062723c751e8b465ee728b)
Start importing Assets/Texture/Material.003_Metallic.png using Guid(f5e78e9f2892cca45a2247abd0ad36a9) Importer(815301076,1909f56bfc062723c751e8b465ee728b)  -> (artifact id: '21a838d535c010af5d72b881fca5edc2') in 0.013020 seconds 
  Import took 0.015415 seconds .

========================================================================
Received Import Request.
  Time since last request: 0.000275 seconds.
  path: Assets/Texture/Material.003_Emissive.png
  artifactKey: Guid(6d891984632cf8e42a83051c0941fc05) Importer(815301076,1909f56bfc062723c751e8b465ee728b)
Start importing Assets/Texture/Material.003_Emissive.png using Guid(6d891984632cf8e42a83051c0941fc05) Importer(815301076,1909f56bfc062723c751e8b465ee728b)  -> (artifact id: '41c734c2079b5d5b6397bbf3a6646687') in 0.014348 seconds 
  Import took 0.016760 seconds .

========================================================================
Received Import Request.
  Time since last request: 12.989966 seconds.
  path: Assets/Texture/Material.003_Normal_OpenGL.png
  artifactKey: Guid(dcdb90e1cadb05848a052f26d31b4195) Importer(815301076,1909f56bfc062723c751e8b465ee728b)
Start importing Assets/Texture/Material.003_Normal_OpenGL.png using Guid(dcdb90e1cadb05848a052f26d31b4195) Importer(815301076,1909f56bfc062723c751e8b465ee728b)  -> (artifact id: '19cbb764e2782bee0938b3f1e82f1887') in 0.021209 seconds 
  Import took 0.023865 seconds .

========================================================================
Received Import Request.
  Time since last request: 12.673934 seconds.
  path: Assets/SAColliderBuilder
  artifactKey: Guid(a9f7693a7c495bf47b67b35d7cf5b768) Importer(815301076,1909f56bfc062723c751e8b465ee728b)
Start importing Assets/SAColliderBuilder using Guid(a9f7693a7c495bf47b67b35d7cf5b768) Importer(815301076,1909f56bfc062723c751e8b465ee728b)  -> (artifact id: '722c2c38db404d475148804940a2a8b1') in 0.005367 seconds 
  Import took 0.009104 seconds .

========================================================================
Received Prepare
Registering precompiled user dll's ...
Registered in 0.003908 seconds.
Begin MonoManager ReloadAssembly
Native extension for WindowsStandalone target not found
Native extension for WebGL target not found
Refreshing native plugins compatible for Editor in 0.41 ms, found 2 plugins.
Preloading 0 native plugins for Editor in 0.00 ms.
Mono: successfully reloaded assembly
- Completed reload, in  0.798 seconds
Domain Reload Profiling:
	ReloadAssembly (799ms)
		BeginReloadAssembly (113ms)
			ExecutionOrderSort (0ms)
			DisableScriptedObjects (4ms)
			BackupInstance (0ms)
			ReleaseScriptingObjects (0ms)
			CreateAndSetChildDomain (37ms)
		EndReloadAssembly (631ms)
			LoadAssemblies (73ms)
			RebuildTransferFunctionScriptingTraits (0ms)
			SetupTypeCache (225ms)
			ReleaseScriptCaches (1ms)
			RebuildScriptCaches (30ms)
			SetupLoadedEditorAssemblies (228ms)
				LogAssemblyErrors (0ms)
				InitializePlatformSupportModulesInManaged (4ms)
				SetLoadedEditorAssemblies (0ms)
				RefreshPlugins (0ms)
				BeforeProcessingInitializeOnLoad (59ms)
				ProcessInitializeOnLoadAttributes (151ms)
				ProcessInitializeOnLoadMethodAttributes (7ms)
				AfterProcessingInitializeOnLoad (6ms)
				EditorAssembliesLoaded (0ms)
			ExecutionOrderSort2 (0ms)
			AwakeInstancesAfterBackupRestoration (6ms)
Platform modules already initialized, skipping
Refreshing native plugins compatible for Editor in 0.38 ms, found 2 plugins.
Preloading 0 native plugins for Editor in 0.00 ms.
Unloading 1514 Unused Serialized files (Serialized files now loaded: 0)
System memory in use before: 72.9 MB.
System memory in use after: 73.0 MB.

Unloading 14 unused Assets to reduce memory usage. Loaded Objects now: 2002.
Total: 2.548500 ms (FindLiveObjects: 0.155000 ms CreateObjectMapping: 0.035300 ms MarkObjects: 2.344700 ms  DeleteObjects: 0.012500 ms)

AssetImportParameters requested are different than current active one (requested -> active):
  custom:framework-win-MediaFoundation: 216162199b28c13a410421893ffa2e32 -> 
  custom:video-decoder-ogg-theora: a1e56fd34408186e4bbccfd4996cb3dc -> 
  custom:container-muxer-webm: aa71ff27fc2769a1b78a27578f13a17b -> 
  custom:container-demuxer-webm: 4f35f7cbe854078d1ac9338744f61a02 -> 
  custom:container-demuxer-ogg: 62fdf1f143b41e24485cea50d1cbac27 -> 
  custom:video-encoder-webm-vp8: eb34c28f22e8b96e1ab97ce403110664 -> 
  custom:video-codec-MediaFoundation-h265: 746d11721c4dcdbdad8f713fa42b33f4 -> 
  custom:video-decoder-webm-vp8: 9c59270c3fd7afecdb556c50c9e8de78 -> 
  custom:audio-decoder-ogg-vorbis: bf7c407c2cedff20999df2af8eb42d56 -> 
  custom:audio-encoder-webm-vorbis: bf7c407c2cedff20999df2af8eb42d56 -> 
========================================================================
Received Prepare
Registering precompiled user dll's ...
Registered in 0.004580 seconds.
Begin MonoManager ReloadAssembly
Native extension for WindowsStandalone target not found
Native extension for WebGL target not found
Refreshing native plugins compatible for Editor in 0.37 ms, found 2 plugins.
Preloading 0 native plugins for Editor in 0.00 ms.
Mono: successfully reloaded assembly
- Completed reload, in  0.775 seconds
Domain Reload Profiling:
	ReloadAssembly (776ms)
		BeginReloadAssembly (98ms)
			ExecutionOrderSort (0ms)
			DisableScriptedObjects (3ms)
			BackupInstance (0ms)
			ReleaseScriptingObjects (0ms)
			CreateAndSetChildDomain (26ms)
		EndReloadAssembly (623ms)
			LoadAssemblies (72ms)
			RebuildTransferFunctionScriptingTraits (0ms)
			SetupTypeCache (223ms)
			ReleaseScriptCaches (1ms)
			RebuildScriptCaches (31ms)
			SetupLoadedEditorAssemblies (222ms)
				LogAssemblyErrors (0ms)
				InitializePlatformSupportModulesInManaged (4ms)
				SetLoadedEditorAssemblies (0ms)
				RefreshPlugins (0ms)
				BeforeProcessingInitializeOnLoad (60ms)
				ProcessInitializeOnLoadAttributes (144ms)
				ProcessInitializeOnLoadMethodAttributes (7ms)
				AfterProcessingInitializeOnLoad (6ms)
				EditorAssembliesLoaded (0ms)
			ExecutionOrderSort2 (0ms)
			AwakeInstancesAfterBackupRestoration (5ms)
Platform modules already initialized, skipping
Refreshing native plugins compatible for Editor in 0.37 ms, found 2 plugins.
Preloading 0 native plugins for Editor in 0.00 ms.
Unloading 1514 Unused Serialized files (Serialized files now loaded: 0)
System memory in use before: 72.9 MB.
System memory in use after: 73.0 MB.

Unloading 14 unused Assets to reduce memory usage. Loaded Objects now: 2004.
Total: 2.505000 ms (FindLiveObjects: 0.131500 ms CreateObjectMapping: 0.033100 ms MarkObjects: 2.326700 ms  DeleteObjects: 0.012600 ms)

AssetImportParameters requested are different than current active one (requested -> active):
  custom:framework-win-MediaFoundation: 216162199b28c13a410421893ffa2e32 -> 
  custom:video-decoder-ogg-theora: a1e56fd34408186e4bbccfd4996cb3dc -> 
  custom:container-muxer-webm: aa71ff27fc2769a1b78a27578f13a17b -> 
  custom:container-demuxer-webm: 4f35f7cbe854078d1ac9338744f61a02 -> 
  custom:container-demuxer-ogg: 62fdf1f143b41e24485cea50d1cbac27 -> 
  custom:video-encoder-webm-vp8: eb34c28f22e8b96e1ab97ce403110664 -> 
  custom:video-codec-MediaFoundation-h265: 746d11721c4dcdbdad8f713fa42b33f4 -> 
  custom:video-decoder-webm-vp8: 9c59270c3fd7afecdb556c50c9e8de78 -> 
  custom:audio-decoder-ogg-vorbis: bf7c407c2cedff20999df2af8eb42d56 -> 
  custom:audio-encoder-webm-vorbis: bf7c407c2cedff20999df2af8eb42d56 -> 
AssetImportWorkerClient::OnTransportError - code=2 error=End of file
